<?xml version="1.0" encoding="UTF-8"?>
<testng-results skipped="0" failed="0" total="1" passed="1">
  <reporter-output>
  </reporter-output>
  <suite name="Default suite" duration-ms="51823" started-at="2016-10-20T06:02:00Z" finished-at="2016-10-20T06:02:52Z">
    <groups>
    </groups>
    <test name="Default test" duration-ms="51823" started-at="2016-10-20T06:02:00Z" finished-at="2016-10-20T06:02:52Z">
      <class name="com.project.selenium.tests.IRCTCTEST">
        <test-method status="PASS" signature="testIRCTC()[pri:0, instance:com.project.selenium.tests.IRCTCTEST@51081592]" name="testIRCTC" duration-ms="51804" started-at="2016-10-20T11:32:00Z" finished-at="2016-10-20T11:32:52Z">
          <reporter-output>
          </reporter-output>
        </test-method> <!-- testIRCTC -->
      </class> <!-- com.project.selenium.tests.IRCTCTEST -->
    </test> <!-- Default test -->
  </suite> <!-- Default suite -->
</testng-results>
